2026-06-08 02:00 UTC [cron:9ca86d35-27d0-4d9c-916d-b1fe44b9e5f9]: ✅ Nightly backup completed. Repo mike-2112/Your-Workspace exists. Committed/pushed backup.log only (no changes in HEARTBEAT.md, memory/, skills/, Projects/). Success.
Nightly backup check: target paths (Heartbeat.md, Brain/, Skills/, Projects/, Memory/) not present or unchanged. Only backup.log modified. Repo exists at origin. No commit needed for specified paths.
date: extra operand ‘UTC’
Try 'date --help' for more information.
🔄 Nightly GitHub backup starting... 
M	backup.log
branch 'main' set up to track 'origin/main'.
Your branch is up to date with 'origin/main'.
Staging files: Heartbeat.md Brain/ Skills/ Projects/ Memory/ AGENTS.md SOUL.md TOOLS.md IDENTITY.md USER.md
✅ Nightly backup: No changes in tracked files.
✅ Backup process completed.
2026-06-11 02:00 UTC [cron:9ca86d35-27d0-4d9c-916d-b1fe44b9e5f9]: ✅ Nightly backup completed. Repo mike-2112/Your-Workspace exists and accessible. No changes in Heartbeat.md, Brain/, Skills/, Projects/, Memory/ or core files. Only backup.log updated. Success - no commit needed.
2026-06-12 02:00 UTC [cron:9ca86d35-27d0-4d9c-916d-b1fe44b9e5f9]: ✅ Nightly backup completed. Repo mike-2112/Your-Workspace exists. Committed/pushed backup.log only (no changes in HEARTBEAT.md, memory/, skills/, Projects/). Success.
2026-06-13 02:00 UTC [cron:9ca86d35-27d0-4d9c-916d-b1fe44b9e5f9]: ✅ Nightly backup completed. Repo mike-2112/Your-Workspace exists and accessible. No changes in Heartbeat.md, Brain/, Skills/, Projects/, Memory/ or core files. Success - no commit needed.
2026-06-14 02:00 UTC [cron:9ca86d35-27d0-4d9c-916d-b1fe44b9e5f9]: ✅ Nightly backup completed. Repo mike-2112/Your-Workspace exists and accessible. No changes in Heartbeat.md, Brain/, Skills/, Projects/, Memory/ or core files. Success - no commit needed. (minor date formatting warning in script, non-blocking)
2026-06-15 02:00 UTC [cron:9ca86d35-27d0-4d9c-916d-b1fe44b9e5f9]: ✅ Nightly backup completed. Repo mike-2112/Your-Workspace exists. No changes in HEARTBEAT.md, memory/, skills/, Projects/, Memory/ or core files. Only backup.log modified. Success - no commit needed.
2026-06-16 02:00 UTC [cron:9ca86d35-27d0-4d9c-916d-b1fe44b9e5f9]: ✅ Nightly backup completed. Repo mike-2112/Your-Workspace exists and accessible via SSH. No changes in Heartbeat.md, Brain/, Skills/, Projects/, Memory/ or core files. Only backup.log updated. Success - no commit needed.
2026-06-17T02:00:11Z [cron:9ca86d35-27d0-4d9c-916d-b1fe44b9e5f9]: ✅ Nightly backup completed. Repo mike-2112/Your-Workspace exists and accessible. No changes in Heartbeat.md, Brain/, Skills/, Projects/, Memory/ or core files. Success - no commit/push needed.
2026-06-19 02:00 UTC [cron:9ca86d35-27d0-4d9c-916d-b1fe44b9e5f9]: ✅ Nightly backup completed. Repo mike-2112/Your-Workspace exists. No changes in HEARTBEAT.md, memory/, skills/, Projects/ or core files. Only backup.log modified. Success - no commit needed.
2026-06-23 02:00 UTC [cron:9ca86d35-27d0-4d9c-916d-b1fe44b9e5f9]: ✅ Nightly backup completed. Repo mike-2112/Your-Workspace exists and accessible. No changes in Heartbeat.md, Brain/, Skills/, Projects/, Memory/ or core files. Success - no commit needed.
2026-06-24 02:00 UTC [cron:9ca86d35-27d0-4d9c-916d-b1fe44b9e5f9]: ✅ Nightly backup completed. Repo mike-2112/Your-Workspace exists. Committed and pushed: backup.log + memory/2026-06-22-backup.log. Success.
2026-06-26 02:00 UTC [cron:9ca86d35-27d0-4d9c-916d-b1fe44b9e5f9]: ✅ Nightly backup completed. Repo mike-2112/Your-Workspace exists and accessible. No changes in Heartbeat.md, Brain/, Skills/, Projects/, Memory/ or core files. Success - no commit needed.
[2026-06-27T02:00:12Z] Nightly backup: No changes in Heartbeat.md Brain/ Skills/ Projects/ Memory/ — nothing to commit.
